Best distributions for demand - residual:
              sumsquare_error          aic          bic  kl_div  ks_statistic     ks_pvalue
t                1.531962e-09  2616.247745  2633.787515     inf      0.037943  1.235317e-03
norminvgauss     1.773003e-09  2595.042165  2618.428525     inf      0.016953  4.494657e-01
johnsonsu        2.026107e-09  2602.711076  2626.097435     inf      0.023457  1.180473e-01
cauchy           3.771301e-09  2550.711255  2562.404434     inf      0.055020  3.612215e-07
laplace          9.905610e-09  2811.163633  2822.856813     inf      0.089315  3.373448e-18

Column: Almacenamiento_Bateria
  trend (norminvgauss): {'a': 0.02254593368266735, 'b': -0.012248405118410051, 'loc': 16.73944657694528, 'scale': 1.601133435337373}
  seasonal (recipinvgauss): {'mu': 0.0033434091176242236, 'loc': -280.5988231387113, 'scale': 0.936157892180278}
  residual (laplace): {'loc': 0.02634579853177499, 'scale': 1.9229988016599386}

Column: BioGas
  trend (gausshyper): {'a': 14.625359829266031, 'b': 0.738419043700669, 'c': 19.56897180729578, 'z': 4.740875950148462, 'loc': 155.2116795225138, 'scale': 666.9272525741926}
  seasonal (t): {'df': 2.1523706082572818, 'loc': 1.3207871985773898, 'scale': 8.17419297006899}
  residual (nct): {'df': 1.2667572113818717, 'nc': -0.6998667347348074, 'loc': 8.378983425591889, 'scale': 10.934771024040066}

Column: Carbon
  trend (genlogistic): {'c': 0.13961680085239328, 'loc': 90260.35362937962, 'scale': 2155.511676274621}
  seasonal (norminvgauss): {'a': 1.026139723931575, 'b': -0.4787781489017925, 'loc': 1047.4760802960145, 'scale': 1983.9776966510242}
  residual (nct): {'df': 2.7191458324125017, 'nc': -0.3139099067451379, 'loc': 732.34505740084, 'scale': 2237.4847636722566}

Column: Cogeneracion
  trend (tukeylambda): {'lam': -2.142707619605389, 'loc': 396.06848905132694, 'scale': 2.1564027378767845}
  seasonal (hypsecant): {'loc': 0.022645550557232753, 'scale': 6.338143647260718}
  residual (norminvgauss): {'a': 0.0011158959361338473, 'b': -0.0010043035773598392, 'loc': 0.05886708995259305, 'scale': 3.3368266573529732}

Column: Diesel
  trend (johnsonsb): {'a': 1.7273875318509917, 'b': 0.5931374133883088, 'loc': 4.209225385618425, 'scale': 20366.966669584086}
  seasonal (gennorm): {'beta': 0.7252091833053878, 'loc': -31.631787935803406, 'scale': 216.17806473802247}
  residual (t): {'df': 0.784181187062015, 'loc': -9.602030800705535, 'scale': 242.89168087681452}

Column: Eolica
  trend (exponnorm): {'K': 2.700280704689165, 'loc': 6982.8110441210765, 'scale': 2543.2615377601755}
  seasonal (norminvgauss): {'a': 1.4021974094460474, 'b': 0.06287128447512183, 'loc': -82.6483244537991, 'scale': 1855.9889203399377}
  residual (nct): {'df': 2.4013680341481676, 'nc': 0.3929606276736179, 'loc': -935.5248068678046, 'scale': 2179.9704349096255}

Column: Fuel Oil
  trend (cauchy): {'loc': 0.0978859129267486, 'scale': 1.8510309543597798}
  seasonal (norminvgauss): {'a': 0.00025130594995181383, 'b': -2.261525608858835e-05, 'loc': -0.03372703458292388, 'scale': 2.557014597027499}
  residual (dweibull): {'c': 0.287978847388317, 'loc': -1.9501458484714146e-30, 'scale': 121.48436877742247}

Column: Gas_Natural
  trend (skewnorm): {'a': -2.9939851800545383, 'loc': 50564.99196468417, 'scale': 18048.89791166424}
  seasonal (genlogistic): {'c': 0.2892262356137506, 'loc': 2571.921475470393, 'scale': 840.0156000890986}
  residual (nct): {'df': 2.359598273750024, 'nc': -0.005057510314297851, 'loc': 15.357851371453172, 'scale': 2243.6730439895455}

Column: Geotermica
  trend (genpareto): {'c': 3.1438738281654643, 'loc': -4.924731188600098, 'scale': 0.5422925202263524}
  seasonal (dgamma): {'a': 0.3681525604816773, 'loc': 6.3612145647183836e-27, 'scale': 24.898404344944524}
  residual (gennorm): {'beta': 0.33501346873299764, 'loc': -1.2697865950754996e-17, 'scale': 0.5382180475150888}

Column: PetCoke
  trend (gennorm): {'beta': 0.31745946225021754, 'loc': 1250.8122691058702, 'scale': 3.760654615952208}
  seasonal (johnsonsu): {'a': -0.039071568053600965, 'b': 0.9117796849335664, 'loc': -0.07194301841312413, 'scale': 4.257217990634131}
  residual (laplace): {'loc': -0.290353999693707, 'scale': 61.86972636844865}

Column: Biomasa
  trend (gennorm): {'beta': 4.284850581170817, 'loc': 5437.232519946443, 'scale': 1996.3214156861509}
  seasonal (norminvgauss): {'a': 4.9982383058335325, 'b': -0.8806256460623172, 'loc': 53.179627899775596, 'scale': 297.0706167723912}
  residual (nct): {'df': 2.8039580433087417, 'nc': -0.44206297166108915, 'loc': 102.74551420539548, 'scale': 221.33065746737662}

Column: Hidraulica
  trend (norminvgauss): {'a': 2.277035083475319, 'b': 1.2219855351698625, 'loc': 44612.835843495595, 'scale': 17662.838975077473}
  seasonal (laplace): {'loc': 659.3305806482432, 'scale': 2354.1457418772047}
  residual (t): {'df': 2.2330415576719567, 'loc': 3.277109757090229, 'scale': 1936.8868046245339}

Column: Solar
  trend (weibull_min): {'c': 1.4180789397958224, 'loc': 3818.3309307231248, 'scale': 18103.67358301854}
  seasonal (t): {'df': 2.0048521638551016, 'loc': 24.533878991549784, 'scale': 262.04394228914646}
  residual (nct): {'df': 1.4969969851039433, 'nc': -0.6095211659648825, 'loc': 285.08003420097225, 'scale': 414.7929920753286}

Column: demand
  trend (vonmises_line): {'kappa': 3.150516575362156, 'loc': 202182.5620067756, 'scale': 18636.335250297663}
  seasonal (norminvgauss): {'a': 1.3434175679664475, 'b': -1.273681265637968, 'loc': 5866.182016590667, 'scale': 1967.922290891491}
  residual (t): {'df': 1.484043767730467, 'loc': -27.426467138155672, 'scale': 1793.1037360384414}